2026-02-16 11:44:38,837 - INFO - Linear Regression
2026-02-16 11:44:38,839 - INFO - Intercept : 89.09541666666689
2026-02-16 11:44:38,839 - INFO - Coefficient : [ 8.72249414  1.03110946 -0.37897118 36.85173422 32.62589185 -9.86171207
  0.31409669]
2026-02-16 11:44:38,847 - INFO -        y_train  y_train_pred_LR
5592      64.0        64.722208
1870      28.0        23.819179
834      135.0       147.044000
10479    165.0       149.866398
6118      30.0        17.725732
10011    207.0       170.545467
1810     204.0       168.754519
12298    120.0       118.668326
13625    112.0       129.483751
1256      20.0        38.427067
2026-02-16 11:44:38,847 - INFO - Training Accuracy (r2_score) Using Linear Regression : 0.8735239041091345
2026-02-16 11:44:38,849 - INFO - Training Loss (Mean_squared_error) Using Linear Regression : 488.9355257872437
2026-02-16 11:44:38,849 - INFO - Test Accuracy (r2_score) Using Linear Regression : 0.8772036270326257
2026-02-16 11:44:38,851 - INFO - Test Loss (Mean_squared_error) Using Linear Regression : 495.5805554691746
2026-02-16 11:44:38,851 - INFO - Ridge Regression
2026-02-16 11:44:38,853 - INFO - Intercept : 89.09541666666688
2026-02-16 11:44:38,853 - INFO - Coefficient : [ 8.72201171  1.02943074 -0.37717355 36.82383091 32.62641141 -9.83480592
  0.31383737]
2026-02-16 11:44:38,861 - INFO -        y_train  y_train_pred_LR  y_train_pred_Ridge
6717      40.0        63.660072           63.669360
5875      29.0        25.260385           25.269086
13964     99.0       118.016927          118.018362
4871     179.0       157.933345          157.935255
9287      42.0        52.327248           52.337252
1330      99.0       111.843750          111.841314
14065    162.0       156.343981          156.345522
4788      80.0        98.310464           98.309309
4699      30.0        35.700122           35.702299
4718      90.0        98.665322           98.670327
2026-02-16 11:44:38,861 - INFO - Training Accuracy Using Ridge: 0.8735238902929308
2026-02-16 11:44:38,861 - INFO - Training Loss Using Ridge: 488.9355791983867
2026-02-16 11:44:38,863 - INFO - Test Accuracy  Using Ridge: 0.8772022278166199
2026-02-16 11:44:38,865 - INFO - Test Loss Using Ridge: 495.5862024132057
2026-02-16 11:44:38,865 - INFO - Lasso Regression
2026-02-16 11:44:38,930 - INFO - Intercept : 89.09541666666657
2026-02-16 11:44:38,931 - INFO - Coefficient : [ 8.17668822  0.          0.38006669 26.82084132 32.65958524 -0.
  0.        ]
2026-02-16 11:44:38,938 - INFO -        y_train  y_train_pred_LR  y_train_pred_Ridge  y_train_pred_Lasso
1543     133.0       142.896411          142.890877          141.132301
4763      86.0       107.668496          107.664759          106.782298
12668     23.0       -11.972403          -11.960118           -5.888084
4839     170.0       154.284918          154.267560          147.742827
8734      82.0       118.157278          118.158158          118.555099
8004      10.0        23.869057           23.857476           19.097251
12573    164.0       160.567965          160.571432          162.576466
2158     169.0       136.182850          136.191604          140.371145
4992     128.0       120.420925          120.429114          123.912378
14228    104.0       111.677438          111.672710          111.043361
2026-02-16 11:44:38,938 - INFO - Training Accuracy  Lasso: 0.8715530782880261
2026-02-16 11:44:38,938 - INFO - Training Loss  Lasso: 496.5544102277488
2026-02-16 11:44:38,938 - INFO - Test Accuracy  Lasso: 0.8745870209740038
2026-02-16 11:44:38,938 - INFO - Test Loss Lasso: 506.1406319000997
2026-02-16 11:44:38,943 - INFO - [-40281.45834998]
