2026-02-16 11:44:25,288 - INFO - Data Loaded Successfully
2026-02-16 11:44:25,288 - INFO - Total number of rows and columns : (15000, 9)
2026-02-16 11:44:25,304 - INFO - sample data :     User_ID  Gender  Age  Height  Weight  Duration  Heart_Rate  Body_Temp  Calories
0  14733363    male   68   190.0    94.0      29.0       105.0       40.8     231.0
1  14861698  female   20   166.0    60.0      14.0        94.0       40.3      66.0
2  11179863    male   69   179.0    79.0       5.0        88.0       38.7      26.0
3  16180408  female   34   179.0    71.0      13.0       100.0       40.5      71.0
4  17771927  female   27   154.0    58.0      10.0        81.0       39.8      35.0
2026-02-16 11:44:25,304 - INFO - Total number of rows : 15000
2026-02-16 11:44:25,304 - INFO - Total number of columns : 9
2026-02-16 11:44:25,304 - INFO - Checking null values : User_ID       0
Gender        0
Age           0
Height        0
Weight        0
Duration      0
Heart_Rate    0
Body_Temp     0
Calories      0
dtype: int64
2026-02-16 11:44:25,304 - INFO - None
2026-02-16 11:44:25,304 - INFO - X shape : (15000, 7)
2026-02-16 11:44:25,304 - INFO - y shape : (15000,)
2026-02-16 11:44:25,319 - INFO - total training data : (12000, 7)
2026-02-16 11:44:25,319 - INFO - Index(['Gender', 'Age', 'Height', 'Weight', 'Duration', 'Heart_Rate',
       'Body_Temp'],
      dtype='object')
2026-02-16 11:44:25,319 - INFO - Total testing data : (3000, 7)
2026-02-16 11:44:25,319 - INFO - (3000,)
2026-02-16 11:44:25,319 - INFO - (12000,)
2026-02-16 11:44:25,319 - INFO - 12342     75.0
11484    128.0
2066      34.0
4255      34.0
9909     200.0
Name: Calories, dtype: float64
2026-02-16 11:44:25,319 - INFO - 12036     94.0
10678    138.0
8240     148.0
2331     116.0
7417      26.0
Name: Calories, dtype: float64
2026-02-16 11:44:25,319 - INFO - Index(['Gender', 'Age', 'Height', 'Weight', 'Duration', 'Heart_Rate',
       'Body_Temp'],
      dtype='object')
2026-02-16 11:44:25,319 - INFO - Index(['Gender', 'Age', 'Height', 'Weight', 'Duration', 'Heart_Rate',
       'Body_Temp'],
      dtype='object')
2026-02-16 11:44:25,319 - INFO - Index(['Age', 'Height', 'Weight', 'Duration', 'Heart_Rate', 'Body_Temp'], dtype='object')
2026-02-16 11:44:25,319 - INFO - Index(['Gender'], dtype='object')
2026-02-16 11:44:25,319 - INFO - Index(['Age', 'Height', 'Weight', 'Duration', 'Heart_Rate', 'Body_Temp'], dtype='object')
2026-02-16 11:44:25,319 - INFO - Index(['Gender'], dtype='object')
2026-02-16 11:44:25,319 - INFO - (12000, 6)
2026-02-16 11:44:25,319 - INFO - (12000, 1)
2026-02-16 11:44:25,319 - INFO - (3000, 6)
2026-02-16 11:44:25,319 - INFO - (3000, 1)
2026-02-16 11:44:38,752 - INFO - Index(['Age', 'Height', 'Weight', 'Duration', 'Heart_Rate', 'Body_Temp'], dtype='object') -> (12000, 6)
2026-02-16 11:44:38,752 - INFO - Index(['Age', 'Height', 'Weight', 'Duration', 'Heart_Rate', 'Body_Temp'], dtype='object') -> (3000, 6)
2026-02-16 11:44:38,771 - INFO - sample data :            Age    Height    Weight  Duration  Heart_Rate  Body_Temp
4897   3.401197  5.247024  4.521789  1.386294    4.521789   3.681351
13479  4.204693  5.209486  4.465908  3.332205    4.736198   3.732896
2134   3.912023  5.187386  4.406719  3.091042    4.584967   3.732896
9433   3.828641  5.176150  4.290459  2.639057    4.672829   3.716008
7740   3.713572  5.181784  4.442651  2.079442    4.510860   3.708682
9905   4.110874  4.976734  3.871201  3.258097    4.624973   3.725693
5645   3.091042  5.236442  4.430817  1.386294    4.477337   3.678829
4656   4.094345  5.135798  4.174387  3.401197    4.744932   3.740048
1584   4.158883  5.147494  4.262680  2.564949    4.477337   3.708682
14196  3.044522  5.147494  4.127134  2.833213    4.574711   3.725693
2026-02-16 11:44:38,771 - INFO - Index(['Gender'], dtype='object')
2026-02-16 11:44:38,771 - INFO - Index(['Gender'], dtype='object')
2026-02-16 11:44:38,771 - INFO - Gender --> ['male' 'female']
2026-02-16 11:44:38,771 - INFO - Before Converting :        Gender
9839     male
9680     male
7093     male
11293  female
820    female
...       ...
5191   female
13418  female
5390     male
860      male
7270     male

[12000 rows x 1 columns]
2026-02-16 11:44:38,771 - INFO - Before Converting :        Gender
11499  female
6475     male
13167    male
862      male
5970   female
...       ...
6216   female
3585   female
10023  female
14044  female
12965    male

[3000 rows x 1 columns]
2026-02-16 11:44:38,783 - INFO - Index(['Gender_male'], dtype='object')
2026-02-16 11:44:38,783 - INFO - Index(['Gender_male'], dtype='object')
2026-02-16 11:44:38,783 - INFO - After Converting :        Gender_male
0              1.0
1              1.0
2              1.0
3              0.0
4              0.0
...            ...
11995          0.0
11996          0.0
11997          1.0
11998          1.0
11999          1.0

[12000 rows x 1 columns]
2026-02-16 11:44:38,783 - INFO - After Converting :       Gender_male
0             0.0
1             1.0
2             1.0
3             1.0
4             0.0
...           ...
2995          0.0
2996          0.0
2997          0.0
2998          0.0
2999          1.0

[3000 rows x 1 columns]
2026-02-16 11:44:38,783 - INFO - (12000, 1)
2026-02-16 11:44:38,783 - INFO - (3000, 1)
2026-02-16 11:44:38,783 - INFO - Gender_male    0
dtype: int64
2026-02-16 11:44:38,783 - INFO - Gender_male    0
dtype: int64
2026-02-16 11:44:38,783 - INFO - (12000, 7)
2026-02-16 11:44:38,783 - INFO - (3000, 7)
2026-02-16 11:44:38,783 - INFO - Age            0
Height         0
Weight         0
Duration       0
Heart_Rate     0
Body_Temp      0
Gender_male    0
dtype: int64
2026-02-16 11:44:38,783 - INFO - Age            0
Height         0
Weight         0
Duration       0
Heart_Rate     0
Body_Temp      0
Gender_male    0
dtype: int64
2026-02-16 11:44:38,783 - INFO - =======================================================
2026-02-16 11:44:38,801 - INFO - Training Data :             Age    Height    Weight  Duration  Heart_Rate  Body_Temp  Gender_male
11681  3.295837  5.081404  4.007333  3.295837    4.736198   3.735286          0.0
4201   4.356709  5.181784  4.382027  1.609438    4.430817   3.688879          0.0
8744   3.433987  5.298317  4.605170  2.833213    4.510860   3.713572          1.0
4505   3.332205  5.241747  4.477337  2.708050    4.615121   3.718438          1.0
6815   3.218876  5.257495  4.465908  1.609438    4.406719   3.693867          1.0
7071   3.367296  5.049856  3.970292  3.295837    4.634729   3.730501          0.0
644    3.091042  5.049856  4.077537  3.258097    4.663439   3.730501          0.0
7237   4.248495  5.043425  4.094345  2.944439    4.465908   3.728100          0.0
7551   4.174387  5.209486  4.532599  3.135494    4.624973   3.723281          1.0
5069   3.401197  5.164786  4.343805  3.258097    4.584967   3.725693          1.0
2026-02-16 11:44:38,807 - INFO - Testing Data :            Age    Height    Weight  Duration  Heart_Rate  Body_Temp  Gender_male
1284  3.044522  5.129899  4.110874  3.367296    4.624973   3.742420          0.0
2463  4.025352  5.181784  4.356709  2.302585    4.510860   3.706228          0.0
389   3.988984  5.023881  4.025352  3.367296    4.634729   3.735286          0.0
1577  3.828641  5.135798  4.204693  2.995732    4.584967   3.725693          0.0
1803  3.367296  5.247024  4.442651  3.218876    4.595120   3.728100          1.0
2962  3.891820  5.164786  4.330733  2.833213    4.605170   3.730501          1.0
642   3.688879  5.273000  4.605170  2.890372    4.564348   3.718438          1.0
2078  3.713572  5.283204  4.595120  2.772589    4.543295   3.720862          1.0
1325  4.007333  5.068904  4.110874  2.708050    4.564348   3.716008          0.0
2456  3.135494  5.105945  4.248495  1.386294    4.406719   3.663562          0.0
2026-02-16 11:44:38,836 - INFO - Final Train Shape: (12000, 7)
2026-02-16 11:44:38,837 - INFO - Final Test Shape: (3000, 7)
